This file contains any messages produced by compilers while
running configure, to aid debugging if configure makes a mistake.

It was created by configure, which was
generated by GNU Autoconf 2.59.  Invocation command line was

  $ ./configure --prefix=/usr --disable-dependency-tracking --no-create --no-recursion

## --------- ##
## Platform. ##
## --------- ##

hostname = baruch
uname -m = i686
uname -r = 2.6.11.6-baruch
uname -s = Linux
uname -v = #2 SMP Tue Apr 5 12:42:08 IST 2005

/usr/bin/uname -p = unknown
/bin/uname -X     = unknown

/bin/arch              = i686
/usr/bin/arch -k       = unknown
/usr/convex/getsysinfo = unknown
hostinfo               = unknown
/bin/machine           = unknown
/usr/bin/oslevel       = unknown
/bin/universe          = unknown

PATH: /usr/sbin
PATH: /usr/bin
PATH: /sbin
PATH: /bin
PATH: /usr/bin/X11


## ----------- ##
## Core tests. ##
## ----------- ##

configure:1556: checking for a BSD-compatible install
configure:1611: result: /usr/bin/install -c
configure:1622: checking whether build environment is sane
configure:1665: result: yes
configure:1730: checking for gawk
configure:1746: found /usr/bin/gawk
configure:1756: result: gawk
configure:1766: checking whether make sets $(MAKE)
configure:1786: result: yes
configure:1959: checking for gawk
configure:1985: result: gawk
configure:2041: checking for gcc
configure:2057: found /usr/bin/gcc
configure:2067: result: gcc
configure:2311: checking for C compiler version
configure:2314: gcc --version </dev/null >&5
gcc.real (GCC) 3.3.5 (Debian 1:3.3.5-13)
Copyright (C) 2003 Free Software Foundation, Inc.
This is free software; see the source for copying conditions.  There is NO
warranty; not even for MERCHANTABILITY or FITNESS FOR A PARTICULAR PURPOSE.

configure:2317: $? = 0
configure:2319: gcc -v </dev/null >&5
Reading specs from /usr/lib/gcc-lib/i486-linux/3.3.5/specs
Configured with: ../src/configure -v --enable-languages=c,c++,java,f77,pascal,objc,ada,treelang --prefix=/usr --mandir=/usr/share/man --infodir=/usr/share/info --with-gxx-include-dir=/usr/include/c++/3.3 --enable-shared --enable-__cxa_atexit --with-system-zlib --enable-nls --without-included-gettext --enable-clocale=gnu --enable-debug --enable-java-gc=boehm --enable-java-awt=xlib --enable-objc-gc i486-linux
Thread model: posix
gcc version 3.3.5 (Debian 1:3.3.5-13)
configure:2322: $? = 0
configure:2324: gcc -V </dev/null >&5
gcc.real: `-V' option must have argument
configure:2327: $? = 1
configure:2350: checking for C compiler default output file name
configure:2353: gcc    conftest.c  >&5
configure:2356: $? = 0
configure:2402: result: a.out
configure:2407: checking whether the C compiler works
configure:2413: ./a.out
configure:2416: $? = 0
configure:2433: result: yes
configure:2440: checking whether we are cross compiling
configure:2442: result: no
configure:2445: checking for suffix of executables
configure:2447: gcc -o conftest    conftest.c  >&5
configure:2450: $? = 0
configure:2475: result: 
configure:2481: checking for suffix of object files
configure:2502: gcc -c   conftest.c >&5
configure:2505: $? = 0
configure:2527: result: o
configure:2531: checking whether we are using the GNU C compiler
configure:2555: gcc -c   conftest.c >&5
configure:2561: $? = 0
configure:2565: test -z 
			 || test ! -s conftest.err
configure:2568: $? = 0
configure:2571: test -s conftest.o
configure:2574: $? = 0
configure:2587: result: yes
configure:2593: checking whether gcc accepts -g
configure:2614: gcc -c -g  conftest.c >&5
configure:2620: $? = 0
configure:2624: test -z 
			 || test ! -s conftest.err
configure:2627: $? = 0
configure:2630: test -s conftest.o
configure:2633: $? = 0
configure:2644: result: yes
configure:2661: checking for gcc option to accept ANSI C
configure:2731: gcc  -c -g -O2  conftest.c >&5
configure:2737: $? = 0
configure:2741: test -z 
			 || test ! -s conftest.err
configure:2744: $? = 0
configure:2747: test -s conftest.o
configure:2750: $? = 0
configure:2768: result: none needed
configure:2786: gcc -c -g -O2  conftest.c >&5
conftest.c:2: error: syntax error before "me"
configure:2792: $? = 1
configure: failed program was:
| #ifndef __cplusplus
|   choke me
| #endif
configure:2936: checking for style of include used by make
configure:2964: result: GNU
configure:2992: checking dependency style of gcc
configure:3082: result: none
configure:3104: checking how to run the C preprocessor
configure:3139: gcc -E  conftest.c
configure:3145: $? = 0
configure:3177: gcc -E  conftest.c
conftest.c:11:28: ac_nonexistent.h: No such file or directory
configure:3183: $? = 1
configure: failed program was:
| /* confdefs.h.  */
| 
| #define PACKAGE_NAME ""
| #define PACKAGE_TARNAME ""
| #define PACKAGE_VERSION ""
| #define PACKAGE_STRING ""
| #define PACKAGE_BUGREPORT ""
| #define PACKAGE "fribidi"
| #define VERSION "0.10.5"
| /* end confdefs.h.  */
| #include <ac_nonexistent.h>
configure:3222: result: gcc -E
configure:3246: gcc -E  conftest.c
configure:3252: $? = 0
configure:3284: gcc -E  conftest.c
conftest.c:11:28: ac_nonexistent.h: No such file or directory
configure:3290: $? = 1
configure: failed program was:
| /* confdefs.h.  */
| 
| #define PACKAGE_NAME ""
| #define PACKAGE_TARNAME ""
| #define PACKAGE_VERSION ""
| #define PACKAGE_STRING ""
| #define PACKAGE_BUGREPORT ""
| #define PACKAGE "fribidi"
| #define VERSION "0.10.5"
| /* end confdefs.h.  */
| #include <ac_nonexistent.h>
configure:3346: checking for a BSD-compatible install
configure:3401: result: /usr/bin/install -c
configure:3412: checking whether ln -s works
configure:3416: result: yes
configure:3423: checking whether make sets $(MAKE)
configure:3443: result: yes
configure:3493: checking for ranlib
configure:3509: found /usr/bin/ranlib
configure:3520: result: ranlib
configure:3534: checking for sed
configure:3552: found /bin/sed
configure:3565: result: /bin/sed
configure:3647: checking build system type
configure:3665: result: i686-pc-linux-gnu
configure:3673: checking host system type
configure:3687: result: i686-pc-linux-gnu
configure:3706: checking for ld used by GCC
configure:3769: result: /usr/bin/ld
configure:3778: checking if the linker (/usr/bin/ld) is GNU ld
GNU ld version 2.15
configure:3790: result: yes
configure:3795: checking for /usr/bin/ld option to reload object files
configure:3802: result: -r
configure:3807: checking for BSD-compatible nm
configure:3843: result: /usr/bin/nm -B
configure:3846: checking how to recognise dependant libraries
configure:4014: result: pass_all
configure:4027: checking command to parse /usr/bin/nm -B output
configure:4104: gcc -c -g -O2  conftest.c >&5
configure:4107: $? = 0
configure:4111: /usr/bin/nm -B conftest.o \| sed -n -e 's/^.*[ 	]\([ABCDGISTW][ABCDGISTW]*\)[ 	][ 	]*\(\)\([_A-Za-z][_A-Za-z0-9]*\)$/\1 \2\3 \3/p' \> conftest.nm
configure:4114: $? = 0
configure:4166: gcc -o conftest -g -O2   conftest.c conftstm.o >&5
configure:4169: $? = 0
configure:4210: result: ok
configure:4215: checking for egrep
configure:4225: result: grep -E
configure:4230: checking for ANSI C header files
configure:4255: gcc -c -g -O2  conftest.c >&5
configure:4261: $? = 0
configure:4265: test -z 
			 || test ! -s conftest.err
configure:4268: $? = 0
configure:4271: test -s conftest.o
configure:4274: $? = 0
configure:4360: gcc -o conftest -g -O2   conftest.c  >&5
configure:4363: $? = 0
configure:4365: ./conftest
configure:4368: $? = 0
configure:4383: result: yes
configure:4407: checking for sys/types.h
configure:4423: gcc -c -g -O2  conftest.c >&5
configure:4429: $? = 0
configure:4433: test -z 
			 || test ! -s conftest.err
configure:4436: $? = 0
configure:4439: test -s conftest.o
configure:4442: $? = 0
configure:4453: result: yes
configure:4407: checking for sys/stat.h
configure:4423: gcc -c -g -O2  conftest.c >&5
configure:4429: $? = 0
configure:4433: test -z 
			 || test ! -s conftest.err
configure:4436: $? = 0
configure:4439: test -s conftest.o
configure:4442: $? = 0
configure:4453: result: yes
configure:4407: checking for stdlib.h
configure:4423: gcc -c -g -O2  conftest.c >&5
configure:4429: $? = 0
configure:4433: test -z 
			 || test ! -s conftest.err
configure:4436: $? = 0
configure:4439: test -s conftest.o
configure:4442: $? = 0
configure:4453: result: yes
configure:4407: checking for string.h
configure:4423: gcc -c -g -O2  conftest.c >&5
configure:4429: $? = 0
configure:4433: test -z 
			 || test ! -s conftest.err
configure:4436: $? = 0
configure:4439: test -s conftest.o
configure:4442: $? = 0
configure:4453: result: yes
configure:4407: checking for memory.h
configure:4423: gcc -c -g -O2  conftest.c >&5
configure:4429: $? = 0
configure:4433: test -z 
			 || test ! -s conftest.err
configure:4436: $? = 0
configure:4439: test -s conftest.o
configure:4442: $? = 0
configure:4453: result: yes
configure:4407: checking for strings.h
configure:4423: gcc -c -g -O2  conftest.c >&5
configure:4429: $? = 0
configure:4433: test -z 
			 || test ! -s conftest.err
configure:4436: $? = 0
configure:4439: test -s conftest.o
configure:4442: $? = 0
configure:4453: result: yes
configure:4407: checking for inttypes.h
configure:4423: gcc -c -g -O2  conftest.c >&5
configure:4429: $? = 0
configure:4433: test -z 
			 || test ! -s conftest.err
configure:4436: $? = 0
configure:4439: test -s conftest.o
configure:4442: $? = 0
configure:4453: result: yes
configure:4407: checking for stdint.h
configure:4423: gcc -c -g -O2  conftest.c >&5
configure:4429: $? = 0
configure:4433: test -z 
			 || test ! -s conftest.err
configure:4436: $? = 0
configure:4439: test -s conftest.o
configure:4442: $? = 0
configure:4453: result: yes
configure:4407: checking for unistd.h
configure:4423: gcc -c -g -O2  conftest.c >&5
configure:4429: $? = 0
configure:4433: test -z 
			 || test ! -s conftest.err
configure:4436: $? = 0
configure:4439: test -s conftest.o
configure:4442: $? = 0
configure:4453: result: yes
configure:4479: checking dlfcn.h usability
configure:4491: gcc -c -g -O2  conftest.c >&5
configure:4497: $? = 0
configure:4501: test -z 
			 || test ! -s conftest.err
configure:4504: $? = 0
configure:4507: test -s conftest.o
configure:4510: $? = 0
configure:4520: result: yes
configure:4524: checking dlfcn.h presence
configure:4534: gcc -E  conftest.c
configure:4540: $? = 0
configure:4560: result: yes
configure:4595: checking for dlfcn.h
configure:4602: result: yes
configure:4799: checking for ranlib
configure:4826: result: ranlib
configure:4879: checking for strip
configure:4895: found /usr/bin/strip
configure:4906: result: strip
configure:5121: checking for objdir
configure:5132: result: .libs
configure:5153: checking for gcc option to produce PIC
configure:5303: result: -fPIC
configure:5307: checking if gcc PIC flag -fPIC works
configure:5330: gcc -c -g -O2 -fPIC -DPIC  conftest.c >&5
configure:5336: $? = 0
configure:5340: test -z 
			 || test ! -s conftest.err
configure:5343: $? = 0
configure:5346: test -s conftest.o
configure:5349: $? = 0
configure:5387: result: yes
configure:5407: checking if gcc static flag -static works
configure:5431: gcc -o conftest -g -O2   -static conftest.c  >&5
configure:5437: $? = 0
configure:5441: test -z 
			 || test ! -s conftest.err
configure:5444: $? = 0
configure:5447: test -s conftest
configure:5450: $? = 0
configure:5467: result: yes
configure:5483: checking if gcc supports -c -o file.o
configure:5506: gcc -c -g -O2 -o out/conftest2.o  conftest.c >&5
configure:5527: result: yes
configure:5532: checking if gcc supports -c -o file.lo
configure:5557: gcc -c -g -O2 -c -o conftest.lo  conftest.c >&5
configure:5563: $? = 0
configure:5567: test -z 
			 || test ! -s conftest.err
configure:5570: $? = 0
configure:5573: test -s conftest.o
configure:5576: $? = 1
configure: failed program was:
| /* confdefs.h.  */
| 
| #define PACKAGE_NAME ""
| #define PACKAGE_TARNAME ""
| #define PACKAGE_VERSION ""
| #define PACKAGE_STRING ""
| #define PACKAGE_BUGREPORT ""
| #define PACKAGE "fribidi"
| #define VERSION "0.10.5"
| #define STDC_HEADERS 1
| #define HAVE_SYS_TYPES_H 1
| #define HAVE_SYS_STAT_H 1
| #define HAVE_STDLIB_H 1
| #define HAVE_STRING_H 1
| #define HAVE_MEMORY_H 1
| #define HAVE_STRINGS_H 1
| #define HAVE_INTTYPES_H 1
| #define HAVE_STDINT_H 1
| #define HAVE_UNISTD_H 1
| #define HAVE_DLFCN_H 1
| /* end confdefs.h.  */
| 
| int
| main ()
| {
| int some_variable = 0;
|   ;
|   return 0;
| }
configure:5597: result: 
configure:5636: checking if gcc supports -fno-rtti -fno-exceptions
configure:5658: gcc -c -g -O2 -fno-rtti -fno-exceptions -c conftest.c  conftest.c >&5
cc1: warning: "-fno-rtti" is valid for C++ but not for C/ObjC
cc1: warning: "-fno-rtti" is valid for C++ but not for C/ObjC
configure:5664: $? = 0
configure:5668: test -z 
			 || test ! -s conftest.err
configure:5671: $? = 0
configure:5674: test -s conftest.o
configure:5677: $? = 0
configure:5694: result: no
configure:5709: checking whether the linker (/usr/bin/ld) supports shared libraries
configure:6321: result: yes
configure:6330: checking how to hardcode library paths into programs
configure:6354: result: immediate
configure:6363: checking whether stripping libraries is possible
configure:6368: result: yes
configure:6383: checking dynamic linker characteristics
configure:6765: result: GNU/Linux ld.so
configure:6774: checking if libtool supports shared libraries
configure:6776: result: yes
configure:7460: checking whether -lc should be explicitly linked in
configure:7468: gcc -c -g -O2  conftest.c >&5
configure:7471: $? = 0
configure:7485: gcc -shared conftest.o  -v -Wl,-soname -Wl,conftest -o conftest 2\>\&1 \| grep  -lc  \>/dev/null 2\>\&1
configure:7488: $? = 0
configure:7501: result: no
configure:8075: checking for char
configure:8099: gcc -c -g -O2  conftest.c >&5
configure:8105: $? = 0
configure:8109: test -z 
			 || test ! -s conftest.err
configure:8112: $? = 0
configure:8115: test -s conftest.o
configure:8118: $? = 0
configure:8129: result: yes
configure:8132: checking size of char
configure:8451: gcc -o conftest -g -O2   conftest.c  >&5
configure:8454: $? = 0
configure:8456: ./conftest
configure:8459: $? = 0
configure:8482: result: 1
configure:8718: creating ./config.status

## ---------------- ##
## Cache variables. ##
## ---------------- ##

ac_cv_build=i686-pc-linux-gnu
ac_cv_build_alias=i686-pc-linux-gnu
ac_cv_c_compiler_gnu=yes
ac_cv_env_CC_set=
ac_cv_env_CC_value=
ac_cv_env_CFLAGS_set=
ac_cv_env_CFLAGS_value=
ac_cv_env_CPPFLAGS_set=
ac_cv_env_CPPFLAGS_value=
ac_cv_env_CPP_set=
ac_cv_env_CPP_value=
ac_cv_env_LDFLAGS_set=
ac_cv_env_LDFLAGS_value=
ac_cv_env_build_alias_set=
ac_cv_env_build_alias_value=
ac_cv_env_host_alias_set=
ac_cv_env_host_alias_value=
ac_cv_env_target_alias_set=
ac_cv_env_target_alias_value=
ac_cv_exeext=
ac_cv_header_dlfcn_h=yes
ac_cv_header_inttypes_h=yes
ac_cv_header_memory_h=yes
ac_cv_header_stdc=yes
ac_cv_header_stdint_h=yes
ac_cv_header_stdlib_h=yes
ac_cv_header_string_h=yes
ac_cv_header_strings_h=yes
ac_cv_header_sys_stat_h=yes
ac_cv_header_sys_types_h=yes
ac_cv_header_unistd_h=yes
ac_cv_host=i686-pc-linux-gnu
ac_cv_host_alias=i686-pc-linux-gnu
ac_cv_objext=o
ac_cv_path_SED=/bin/sed
ac_cv_path_install='/usr/bin/install -c'
ac_cv_prog_AWK=gawk
ac_cv_prog_CPP='gcc -E'
ac_cv_prog_ac_ct_CC=gcc
ac_cv_prog_ac_ct_RANLIB=ranlib
ac_cv_prog_ac_ct_STRIP=strip
ac_cv_prog_cc_g=yes
ac_cv_prog_cc_stdc=
ac_cv_prog_egrep='grep -E'
ac_cv_prog_make_make_set=yes
ac_cv_sizeof_char=1
ac_cv_type_char=yes
am_cv_CC_dependencies_compiler_type=none
lt_cv_archive_cmds_need_lc=no
lt_cv_compiler_c_o=yes
lt_cv_compiler_o_lo=no
lt_cv_deplibs_check_method=pass_all
lt_cv_file_magic_cmd='$MAGIC_CMD'
lt_cv_file_magic_test_file='/lib/libc.so.6 /lib/libc-2.3.2.so'
lt_cv_global_symbol_to_cdecl='sed -n -e '\''s/^. .* \(.*\)$/extern char \1;/p'\'''
lt_cv_ld_reload_flag=-r
lt_cv_path_LD=/usr/bin/ld
lt_cv_path_NM='/usr/bin/nm -B'
lt_cv_prog_cc_can_build_shared=yes
lt_cv_prog_cc_no_builtin=
lt_cv_prog_cc_pic=' -fPIC'
lt_cv_prog_cc_pic_works=yes
lt_cv_prog_cc_shlib=
lt_cv_prog_cc_static=-static
lt_cv_prog_cc_static_works=yes
lt_cv_prog_cc_wl=-Wl,
lt_cv_prog_gnu_ld=yes
lt_cv_sys_global_symbol_pipe='sed -n -e '\''s/^.*[ 	]\([ABCDGISTW][ABCDGISTW]*\)[ 	][ 	]*\(\)\([_A-Za-z][_A-Za-z0-9]*\)$/\1 \2\3 \3/p'\'''

## ----------------- ##
## Output variables. ##
## ----------------- ##

ACLOCAL='${SHELL} /home/baruch/debian/fribidi/fribidi-0.10.5/missing --run aclocal-1.9'
AMDEPBACKSLASH=''
AMDEP_FALSE=''
AMDEP_TRUE='#'
AMTAR='${SHELL} /home/baruch/debian/fribidi/fribidi-0.10.5/missing --run tar'
AUTOCONF='${SHELL} /home/baruch/debian/fribidi/fribidi-0.10.5/missing --run autoconf'
AUTOHEADER='${SHELL} /home/baruch/debian/fribidi/fribidi-0.10.5/missing --run autoheader'
AUTOMAKE='${SHELL} /home/baruch/debian/fribidi/fribidi-0.10.5/missing --run automake-1.9'
AWK='gawk'
CC='gcc'
CCDEPMODE='depmode=none'
CFLAGS='-g -O2 -Wall  -pedantic  -fno-strict-aliasing '
CPP='gcc -E'
CPPFLAGS=''
CYGPATH_W='echo'
DEFS='-DHAVE_CONFIG_H'
DEPDIR='.deps'
ECHO='echo'
ECHO_C=''
ECHO_N='-n'
ECHO_T=''
EGREP='grep -E'
EXEEXT=''
FRIBIDI_BINARY_AGE='5'
FRIBIDI_INTERFACE_AGE='5'
FRIBIDI_INTERFACE_VERSION='2'
FRIBIDI_MAJOR_VERSION='0'
FRIBIDI_MICRO_VERSION='5'
FRIBIDI_MINOR_VERSION='10'
FRIBIDI_NO_CHARSETS='0'
FRIBIDI_RPM_RELEASE='1'
FRIBIDI_VERSION='0.10.5'
INSTALL_DATA='${INSTALL} -m 644'
INSTALL_PROGRAM='${INSTALL}'
INSTALL_SCRIPT='${INSTALL}'
INSTALL_STRIP_PROGRAM='${SHELL} $(install_sh) -c -s'
LDFLAGS=''
LIBOBJS=''
LIBS=''
LIBTOOL='$(SHELL) $(top_builddir)/libtool'
LN_S='ln -s'
LTLIBOBJS=''
MAKEINFO='${SHELL} /home/baruch/debian/fribidi/fribidi-0.10.5/missing --run makeinfo'
OBJEXT='o'
PACKAGE='fribidi'
PACKAGE_BUGREPORT=''
PACKAGE_NAME=''
PACKAGE_STRING=''
PACKAGE_TARNAME=''
PACKAGE_VERSION=''
PATH_SEPARATOR=':'
RANLIB='ranlib'
SED='/bin/sed'
SET_MAKE=''
SHELL='/bin/sh'
STRIP='strip'
VERSION='0.10.5'
ac_ct_CC='gcc'
ac_ct_RANLIB='ranlib'
ac_ct_STRIP='strip'
am__fastdepCC_FALSE=''
am__fastdepCC_TRUE='#'
am__include='include'
am__leading_dot='.'
am__quote=''
am__tar='${AMTAR} chof - "$$tardir"'
am__untar='${AMTAR} xf -'
bindir='${exec_prefix}/bin'
build='i686-pc-linux-gnu'
build_alias=''
build_cpu='i686'
build_os='linux-gnu'
build_vendor='pc'
datadir='${prefix}/share'
exec_prefix='${prefix}'
host='i686-pc-linux-gnu'
host_alias=''
host_cpu='i686'
host_os='linux-gnu'
host_vendor='pc'
includedir='${prefix}/include'
infodir='${prefix}/info'
install_sh='/home/baruch/debian/fribidi/fribidi-0.10.5/install-sh'
libdir='${exec_prefix}/lib'
libexecdir='${exec_prefix}/libexec'
localstatedir='${prefix}/var'
mandir='${prefix}/man'
mkdir_p='mkdir -p --'
oldincludedir='/usr/include'
prefix='/usr'
program_transform_name='s,x,x,'
sbindir='${exec_prefix}/sbin'
sharedstatedir='${prefix}/com'
sysconfdir='${prefix}/etc'
target_alias=''

## ----------- ##
## confdefs.h. ##
## ----------- ##

#define FRIBIDI_EXPORT 1
#define HAS_FRIBIDI_TAB_CHAR_TYPE_2_I 1
#define HAS_FRIBIDI_TAB_CHAR_TYPE_9_I 1
#define HAVE_DLFCN_H 1
#define HAVE_INTTYPES_H 1
#define HAVE_MEMORY_H 1
#define HAVE_STDINT_H 1
#define HAVE_STDLIB_H 1
#define HAVE_STRINGS_H 1
#define HAVE_STRING_H 1
#define HAVE_SYS_STAT_H 1
#define HAVE_SYS_TYPES_H 1
#define HAVE_UNISTD_H 1
#define PACKAGE "fribidi"
#define PACKAGE_BUGREPORT ""
#define PACKAGE_NAME ""
#define PACKAGE_STRING ""
#define PACKAGE_TARNAME ""
#define PACKAGE_VERSION ""
#define SIZEOF_CHAR 1
#define STDC_HEADERS 1
#define VERSION "0.10.5"

configure: exit 0

## ---------------------- ##
## Running config.status. ##
## ---------------------- ##

This file was extended by config.status, which was
generated by GNU Autoconf 2.59.  Invocation command line was

  CONFIG_FILES    = 
  CONFIG_HEADERS  = 
  CONFIG_LINKS    = 
  CONFIG_COMMANDS = 
  $ ./config.status 

on baruch

config.status:717: creating Makefile
config.status:717: creating fribidi_config.h
config.status:717: creating fribidi-config
config.status:717: creating fribidi.pc
config.status:717: creating fribidi.spec
config.status:821: creating config.h
config.status:937: config.h is unchanged
config.status:1117: executing depfiles commands
config.status:1117: executing default commands
